2017-02-03 13:56:18 [INFO ] [TestBase] - [initialization] Intialization........
2017-02-03 13:56:18 [INFO ] [TestBase] - [initialization] test configuration..... Successfully
2017-02-03 13:56:18 [INFO ] [BrowserType] - [setupBrowser] Choosing Browser Type
2017-02-03 13:56:23 [INFO ] [BrowserType] - [setDriver] Choosing Browsename as Chrome Successfully...
2017-02-03 13:56:24 [INFO ] [EnvironmentSetup] - [setEnvironmentMode] Choosing Environment Mode
2017-02-03 13:56:24 [ERROR] [EnvironmentSetup] - [setEnvironmentMode] Navigating URL failed..........null value in entry: url=null
2017-02-03 13:57:54 [INFO ] [TestBase] - [initialization] Intialization........
2017-02-03 13:57:54 [INFO ] [TestBase] - [initialization] test configuration..... Successfully
2017-02-03 13:57:54 [INFO ] [BrowserType] - [setupBrowser] Choosing Browser Type
2017-02-03 13:57:57 [INFO ] [BrowserType] - [setDriver] Choosing Browsename as Chrome Successfully...
2017-02-03 13:57:58 [INFO ] [EnvironmentSetup] - [setEnvironmentMode] Choosing Environment Mode
2017-02-03 13:57:58 [ERROR] [EnvironmentSetup] - [setEnvironmentMode] Navigating URL failed..........null value in entry: url=null
2017-02-03 13:58:31 [INFO ] [TestBase] - [initialization] Intialization........
2017-02-03 13:58:31 [INFO ] [TestBase] - [initialization] test configuration..... 
2017-02-03 13:58:31 [INFO ] [TestBase] - [initialization] test configuration..... Successfully
2017-02-03 13:58:31 [INFO ] [BrowserType] - [setupBrowser] Choosing Browser Type
2017-02-03 13:58:34 [INFO ] [BrowserType] - [setDriver] Choosing Browsename as Chrome Successfully...
2017-02-03 13:58:35 [INFO ] [EnvironmentSetup] - [setEnvironmentMode] Choosing Environment Mode
2017-02-03 13:58:35 [ERROR] [EnvironmentSetup] - [setEnvironmentMode] Navigating URL failed..........null value in entry: url=null
2017-02-03 14:00:40 [INFO ] [TestBase] - [initialization] Intialization........
2017-02-03 14:00:40 [INFO ] [TestBase] - [initialization] test configuration..... 
2017-02-03 14:00:40 [INFO ] [TestBase] - [initialization] test configuration..... Successfully
2017-02-03 14:00:40 [INFO ] [BrowserType] - [setupBrowser] Choosing Browser Type
2017-02-03 14:00:43 [INFO ] [BrowserType] - [setDriver] Choosing Browsename as Chrome Successfully...
2017-02-03 14:00:44 [INFO ] [EnvironmentSetup] - [setEnvironmentMode] Choosing Environment Mode
2017-02-03 14:00:44 [ERROR] [EnvironmentSetup] - [setEnvironmentMode] Navigating URL failed..........null value in entry: url=null
2017-02-03 14:04:05 [INFO ] [TestBase] - [initialization] Intialization........
2017-02-03 14:04:05 [INFO ] [TestBase] - [initialization] test configuration..... 
2017-02-03 14:04:05 [INFO ] [TestBase] - [initialization] test configuration..... Successfully
2017-02-03 14:04:05 [INFO ] [BrowserType] - [setupBrowser] Choosing Browser Type
2017-02-03 14:04:09 [INFO ] [BrowserType] - [setDriver] Choosing Browsename as Chrome Successfully...
2017-02-03 14:04:10 [INFO ] [EnvironmentSetup] - [setEnvironmentMode] Choosing Environment Mode
2017-02-03 14:04:10 [ERROR] [EnvironmentSetup] - [setEnvironmentMode] Navigating URL failed..........null value in entry: url=null
2017-02-03 14:40:42 [INFO ] [TestBase] - [initialization] Intialization........
2017-02-03 14:40:42 [INFO ] [TestBase] - [initialization] test configuration..... 
2017-02-03 14:40:42 [INFO ] [TestBase] - [initialization] test configuration..... Successfully
2017-02-03 14:40:42 [INFO ] [BrowserType] - [setupBrowser] Choosing Browser Type
2017-02-03 14:40:46 [INFO ] [BrowserType] - [setDriver] Choosing Browsename as Chrome Successfully...
2017-02-03 14:40:47 [INFO ] [EnvironmentSetup] - [setEnvironmentMode] Choosing Environment Mode
2017-02-03 14:40:50 [INFO ] [EnvironmentSetup] - [setEnvironmentMode] Navigated to URL : http://www.selenium4testing.com/hms/
2017-02-03 14:40:50 [INFO ] [TestBase] - [initialization] Intialization........ Successfully Done
2017-02-03 14:41:18 [INFO ] [TestBase] - [initialization] Intialization........
2017-02-03 14:41:18 [INFO ] [TestBase] - [initialization] test configuration..... 
2017-02-03 14:41:18 [INFO ] [TestBase] - [initialization] test configuration..... Successfully
2017-02-03 14:41:18 [INFO ] [BrowserType] - [setupBrowser] Choosing Browser Type
2017-02-03 14:41:39 [INFO ] [BrowserType] - [setDriver] Choosing Browsename as Firefox Successfully...
2017-02-03 14:41:39 [INFO ] [EnvironmentSetup] - [setEnvironmentMode] Choosing Environment Mode
2017-02-03 14:41:45 [INFO ] [EnvironmentSetup] - [setEnvironmentMode] Navigated to URL : http://www.selenium4testing.com/hms/
2017-02-03 14:41:45 [INFO ] [TestBase] - [initialization] Intialization........ Successfully Done
2017-02-03 14:42:52 [INFO ] [TestBase] - [initialization] Intialization........
2017-02-03 14:42:52 [INFO ] [TestBase] - [initialization] test configuration..... 
2017-02-03 14:42:52 [INFO ] [TestBase] - [initialization] test configuration..... Successfully
2017-02-03 14:42:52 [INFO ] [BrowserType] - [setupBrowser] Choosing Browser Type
2017-02-03 14:43:05 [INFO ] [BrowserType] - [setDriver] Choosing Browsename as IE Successfully...
2017-02-03 14:43:05 [INFO ] [EnvironmentSetup] - [setEnvironmentMode] Choosing Environment Mode
2017-02-03 14:43:07 [INFO ] [EnvironmentSetup] - [setEnvironmentMode] Navigated to URL : http://www.selenium4testing.com/hms/
2017-02-03 14:43:07 [INFO ] [TestBase] - [initialization] Intialization........ Successfully Done
2017-02-06 12:49:18 [INFO ] [ReportsConfig] - [GeneratingReport] Configuration of reporting ..........
2017-02-06 12:49:19 [INFO ] [TestBase] - [initialization] Intialization........
2017-02-06 12:49:19 [INFO ] [TestBase] - [initialization] test configuration..... 
2017-02-06 12:49:19 [INFO ] [TestBase] - [initialization] test configuration..... Successfully
2017-02-06 12:49:19 [INFO ] [BrowserType] - [setupBrowser] Choosing Browser Type
2017-02-06 12:49:44 [INFO ] [BrowserType] - [setDriver] Choosing Browsename as IE Successfully...
2017-02-06 12:49:45 [INFO ] [EnvironmentSetup] - [setEnvironmentMode] Choosing Environment Mode
2017-02-06 12:49:47 [INFO ] [EnvironmentSetup] - [setEnvironmentMode] Navigated to URL : http://www.selenium4testing.com/hms/
2017-02-06 12:49:47 [INFO ] [TestBase] - [initialization] Intialization........ Successfully Done
2017-02-08 10:20:42 [INFO ] [ExtentReporting] - [GeneratingReport] Configuration of reporting ..........
2017-02-08 10:20:44 [INFO ] [TestBase] - [initialization] Intialization........
2017-02-08 10:20:44 [INFO ] [TestBase] - [initialization] test configuration..... 
2017-02-08 10:20:44 [INFO ] [TestBase] - [initialization] test configuration..... Successfully
2017-02-08 10:20:44 [INFO ] [BrowserType] - [setupBrowser] Choosing Browser Type
2017-02-08 10:20:57 [INFO ] [BrowserType] - [setDriver] Choosing Browsename as Chrome Successfully...
2017-02-08 10:20:58 [INFO ] [EnvironmentSetup] - [setEnvironmentMode] Choosing Environment Mode
2017-02-08 10:21:01 [INFO ] [EnvironmentSetup] - [setEnvironmentMode] Navigated to URL : http://www.selenium4testing.com/hms/
2017-02-08 10:21:01 [INFO ] [TestBase] - [initialization] Intialization........ Successfully Done
2017-10-11 20:43:33 [INFO ] [ExtentReporting] - [GeneratingReport] Configuration of reporting ..........
2017-10-11 20:43:33 [INFO ] [TestBase] - [initialization] Intialization........
2017-10-11 20:43:33 [INFO ] [TestBase] - [initialization] test configuration..... 
2017-10-11 20:43:33 [INFO ] [TestBase] - [initialization] test configuration..... Successfully
2017-10-11 20:43:33 [INFO ] [BrowserType] - [setupBrowser] Choosing Browser Type
2017-10-11 20:43:37 [INFO ] [BrowserType] - [setDriver] Choosing Browsename as Chrome Successfully...
2017-10-11 20:43:38 [INFO ] [EnvironmentSetup] - [setEnvironmentMode] Choosing Environment Mode
2017-10-11 20:43:39 [INFO ] [EnvironmentSetup] - [setEnvironmentMode] Navigated to URL : http://www.selenium4testing.com/hms/
2017-10-11 20:43:39 [INFO ] [TestBase] - [initialization] Intialization........ Successfully Done
2017-10-11 20:44:32 [INFO ] [ExtentReporting] - [GeneratingReport] Configuration of reporting ..........
2017-10-11 20:44:32 [INFO ] [TestBase] - [initialization] Intialization........
2017-10-11 20:44:32 [INFO ] [TestBase] - [initialization] test configuration..... 
2017-10-11 20:44:32 [INFO ] [TestBase] - [initialization] test configuration..... Successfully
2017-10-11 20:44:32 [INFO ] [BrowserType] - [setupBrowser] Choosing Browser Type
2017-10-11 20:45:57 [INFO ] [ExtentReporting] - [GeneratingReport] Configuration of reporting ..........
2017-10-11 20:45:57 [INFO ] [TestBase] - [initialization] Intialization........
2017-10-11 20:45:57 [INFO ] [TestBase] - [initialization] test configuration..... 
2017-10-11 20:45:57 [INFO ] [TestBase] - [initialization] test configuration..... Successfully
2017-10-11 20:45:57 [INFO ] [BrowserType] - [setupBrowser] Choosing Browser Type
2017-10-11 20:46:05 [INFO ] [BrowserType] - [setDriver] Choosing Browsename as Firefox Successfully...
2017-10-11 20:46:05 [INFO ] [EnvironmentSetup] - [setEnvironmentMode] Choosing Environment Mode
2017-10-11 20:46:06 [INFO ] [EnvironmentSetup] - [setEnvironmentMode] Navigated to URL : http://www.selenium4testing.com/hms/
2017-10-11 20:46:06 [INFO ] [TestBase] - [initialization] Intialization........ Successfully Done
2017-10-11 21:29:34 [INFO ] [ExtentReporting] - [GeneratingReport] Configuration of reporting ..........
2017-10-11 21:29:34 [INFO ] [TestBase] - [initialization] Intialization........
2017-10-11 21:29:35 [INFO ] [TestBase] - [initialization] test configuration..... 
2017-10-11 21:29:35 [INFO ] [TestBase] - [initialization] test configuration..... Successfully
2017-10-11 21:29:35 [INFO ] [BrowserType] - [setupBrowser] Choosing Browser Type
2017-10-11 21:29:38 [INFO ] [BrowserType] - [setDriver] Choosing Browsename as Chrome Successfully...
2017-10-11 21:29:39 [INFO ] [EnvironmentSetup] - [setEnvironmentMode] Choosing Environment Mode
2017-10-11 21:29:43 [INFO ] [EnvironmentSetup] - [setEnvironmentMode] Navigated to URL : https://pdt-web-002q.sdl.devpxl.int:8443/pxl-pdtool-webapp/login
2017-10-11 21:29:43 [INFO ] [TestBase] - [initialization] Intialization........ Successfully Done
2017-10-11 21:31:36 [INFO ] [ExtentReporting] - [GeneratingReport] Configuration of reporting ..........
2017-10-11 21:31:37 [INFO ] [TestBase] - [initialization] Intialization........
2017-10-11 21:31:37 [INFO ] [TestBase] - [initialization] test configuration..... 
2017-10-11 21:31:37 [INFO ] [TestBase] - [initialization] test configuration..... Successfully
2017-10-11 21:31:37 [INFO ] [BrowserType] - [setupBrowser] Choosing Browser Type
2017-10-11 21:31:40 [INFO ] [BrowserType] - [setDriver] Choosing Browsename as Chrome Successfully...
2017-10-11 21:31:41 [INFO ] [EnvironmentSetup] - [setEnvironmentMode] Choosing Environment Mode
2017-10-11 21:31:45 [INFO ] [EnvironmentSetup] - [setEnvironmentMode] Navigated to URL : https://pdt-web-002q.sdl.devpxl.int:8443/pxl-pdtool-webapp/login
2017-10-11 21:31:45 [INFO ] [TestBase] - [initialization] Intialization........ Successfully Done
2017-10-11 21:32:15 [INFO ] [ExtentReporting] - [GeneratingReport] Configuration of reporting ..........
2017-10-11 21:32:16 [INFO ] [TestBase] - [initialization] Intialization........
2017-10-11 21:32:16 [INFO ] [TestBase] - [initialization] test configuration..... 
2017-10-11 21:32:16 [INFO ] [TestBase] - [initialization] test configuration..... Successfully
2017-10-11 21:32:16 [INFO ] [BrowserType] - [setupBrowser] Choosing Browser Type
2017-10-11 21:32:18 [INFO ] [BrowserType] - [setDriver] Choosing Browsename as Chrome Successfully...
2017-10-11 21:32:19 [INFO ] [EnvironmentSetup] - [setEnvironmentMode] Choosing Environment Mode
2017-10-11 21:32:23 [INFO ] [EnvironmentSetup] - [setEnvironmentMode] Navigated to URL : https://pdt-web-002q.sdl.devpxl.int:8443/pxl-pdtool-webapp/login
2017-10-11 21:32:23 [INFO ] [TestBase] - [initialization] Intialization........ Successfully Done
2017-10-11 21:38:19 [INFO ] [ExtentReporting] - [GeneratingReport] Configuration of reporting ..........
2017-10-11 21:38:19 [INFO ] [TestBase] - [initialization] Intialization........
2017-10-11 21:38:19 [INFO ] [TestBase] - [initialization] test configuration..... 
2017-10-11 21:38:19 [INFO ] [TestBase] - [initialization] test configuration..... Successfully
2017-10-11 21:38:19 [INFO ] [BrowserType] - [setupBrowser] Choosing Browser Type
2017-10-11 21:38:22 [INFO ] [BrowserType] - [setDriver] Choosing Browsename as Chrome Successfully...
2017-10-11 21:38:23 [INFO ] [EnvironmentSetup] - [setEnvironmentMode] Choosing Environment Mode
2017-10-11 21:38:28 [INFO ] [EnvironmentSetup] - [setEnvironmentMode] Navigated to URL : https://pdt-web-002q.sdl.devpxl.int:8443/pxl-pdtool-webapp/login
2017-10-11 21:38:28 [INFO ] [TestBase] - [initialization] Intialization........ Successfully Done
2017-10-11 21:38:29 [INFO ] [CommonMethod] - [clear] clearing the textBox field....By.id: login_username
2017-10-11 21:45:18 [INFO ] [ExtentReporting] - [GeneratingReport] Configuration of reporting ..........
2017-10-11 21:45:18 [INFO ] [TestBase] - [initialization] Intialization........
2017-10-11 21:45:19 [INFO ] [TestBase] - [initialization] test configuration..... 
2017-10-11 21:45:19 [INFO ] [TestBase] - [initialization] test configuration..... Successfully
2017-10-11 21:45:19 [INFO ] [BrowserType] - [setupBrowser] Choosing Browser Type
2017-10-11 21:45:21 [INFO ] [BrowserType] - [setDriver] Choosing Browsename as Chrome Successfully...
2017-10-11 21:45:22 [INFO ] [EnvironmentSetup] - [setEnvironmentMode] Choosing Environment Mode
2017-10-11 21:45:26 [INFO ] [EnvironmentSetup] - [setEnvironmentMode] Navigated to URL : https://pdt-web-002q.sdl.devpxl.int:8443/pxl-pdtool-webapp/login
2017-10-11 21:45:26 [INFO ] [TestBase] - [initialization] Intialization........ Successfully Done
2017-10-11 21:45:27 [INFO ] [CommonMethod] - [clear] clearing the textBox field....By.id: login_username
2017-10-11 21:45:27 [INFO ] [CommonMethod] - [sendKeys]  Entering data to the textBox field.... By.id: login_username
2017-10-11 21:45:28 [INFO ] [CommonMethod] - [clear] clearing the textBox field....By.id: login_password
2017-10-11 21:45:28 [INFO ] [CommonMethod] - [sendKeys]  Entering data to the textBox field.... By.id: login_password
2017-10-11 21:45:34 [INFO ] [CommonMethod] - [click] Clicking on element ..... By.id: login_button
2017-10-11 21:48:42 [INFO ] [ExtentReporting] - [GeneratingReport] Configuration of reporting ..........
2017-10-11 21:48:42 [INFO ] [TestBase] - [initialization] Intialization........
2017-10-11 21:48:43 [INFO ] [TestBase] - [initialization] test configuration..... 
2017-10-11 21:48:43 [INFO ] [TestBase] - [initialization] test configuration..... Successfully
2017-10-11 21:48:43 [INFO ] [BrowserType] - [setupBrowser] Choosing Browser Type
2017-10-11 21:48:46 [INFO ] [BrowserType] - [setDriver] Choosing Browsename as Chrome Successfully...
2017-10-11 21:48:47 [INFO ] [EnvironmentSetup] - [setEnvironmentMode] Choosing Environment Mode
2017-10-11 21:48:54 [INFO ] [EnvironmentSetup] - [setEnvironmentMode] Navigated to URL : https://pdt-web-002q.sdl.devpxl.int:8443/pxl-pdtool-webapp/login
2017-10-11 21:48:54 [INFO ] [TestBase] - [initialization] Intialization........ Successfully Done
2017-10-11 21:48:54 [INFO ] [CommonMethod] - [clear] clearing the textBox field....By.id: login_username
2017-10-11 21:48:54 [INFO ] [CommonMethod] - [sendKeys]  Entering data to the textBox field.... By.id: login_username
2017-10-11 21:48:55 [INFO ] [CommonMethod] - [clear] clearing the textBox field....By.id: login_password
2017-10-11 21:48:56 [INFO ] [CommonMethod] - [sendKeys]  Entering data to the textBox field.... By.id: login_password
2017-10-11 21:49:03 [INFO ] [CommonMethod] - [click] Clicking on element ..... By.id: login_button
2017-10-11 21:50:36 [INFO ] [ExtentReporting] - [GeneratingReport] Configuration of reporting ..........
2017-10-11 21:50:36 [INFO ] [TestBase] - [initialization] Intialization........
2017-10-11 21:50:37 [INFO ] [TestBase] - [initialization] test configuration..... 
2017-10-11 21:50:37 [INFO ] [TestBase] - [initialization] test configuration..... Successfully
2017-10-11 21:50:37 [INFO ] [BrowserType] - [setupBrowser] Choosing Browser Type
2017-10-11 21:50:44 [INFO ] [BrowserType] - [setDriver] Choosing Browsename as Firefox Successfully...
2017-10-11 21:50:44 [INFO ] [EnvironmentSetup] - [setEnvironmentMode] Choosing Environment Mode
2017-10-11 21:50:52 [INFO ] [EnvironmentSetup] - [setEnvironmentMode] Navigated to URL : https://pdt-web-002q.sdl.devpxl.int:8443/pxl-pdtool-webapp/login
2017-10-11 21:50:52 [INFO ] [TestBase] - [initialization] Intialization........ Successfully Done
2017-10-11 21:50:52 [INFO ] [CommonMethod] - [clear] clearing the textBox field....By.id: login_username
2017-10-11 21:50:52 [INFO ] [CommonMethod] - [sendKeys]  Entering data to the textBox field.... By.id: login_username
2017-10-11 21:50:53 [INFO ] [CommonMethod] - [clear] clearing the textBox field....By.id: login_password
2017-10-11 21:50:53 [INFO ] [CommonMethod] - [sendKeys]  Entering data to the textBox field.... By.id: login_password
2017-10-11 21:51:03 [INFO ] [CommonMethod] - [click] Clicking on element ..... By.id: login_button
2017-10-11 22:42:33 [INFO ] [ExtentReporting] - [GeneratingReport] Configuration of reporting ..........
2017-10-11 22:42:34 [INFO ] [TestBase] - [initialization] Intialization........
2017-10-11 22:42:34 [INFO ] [TestBase] - [initialization] test configuration..... 
2017-10-11 22:42:34 [INFO ] [TestBase] - [initialization] test configuration..... Successfully
2017-10-11 22:42:34 [INFO ] [BrowserType] - [setupBrowser] Choosing Browser Type
2017-10-11 22:42:41 [INFO ] [BrowserType] - [setDriver] Choosing Browsename as Firefox Successfully...
2017-10-11 22:42:41 [INFO ] [EnvironmentSetup] - [setEnvironmentMode] Choosing Environment Mode
2017-10-11 22:42:48 [INFO ] [EnvironmentSetup] - [setEnvironmentMode] Navigated to URL : https://pdt-web-002q.sdl.devpxl.int:8443/pxl-pdtool-webapp/login
2017-10-11 22:42:48 [INFO ] [TestBase] - [initialization] Intialization........ Successfully Done
2017-10-11 22:42:49 [INFO ] [CommonMethod] - [clear] clearing the textBox field....By.id: login_username
2017-10-11 22:42:49 [INFO ] [CommonMethod] - [sendKeys]  Entering data to the textBox field.... By.id: login_username
2017-10-11 22:42:49 [INFO ] [CommonMethod] - [clear] clearing the textBox field....By.id: login_password
2017-10-11 22:42:50 [INFO ] [CommonMethod] - [sendKeys]  Entering data to the textBox field.... By.id: login_password
2017-10-11 22:43:00 [INFO ] [CommonMethod] - [click] Clicking on element ..... By.id: login_button
2017-10-11 22:44:42 [INFO ] [ExtentReporting] - [GeneratingReport] Configuration of reporting ..........
2017-10-11 22:44:42 [INFO ] [TestBase] - [initialization] Intialization........
2017-10-11 22:44:42 [INFO ] [TestBase] - [initialization] test configuration..... 
2017-10-11 22:44:42 [INFO ] [TestBase] - [initialization] test configuration..... Successfully
2017-10-11 22:44:42 [INFO ] [BrowserType] - [setupBrowser] Choosing Browser Type
2017-10-11 22:44:45 [INFO ] [BrowserType] - [setDriver] Choosing Browsename as Chrome Successfully...
2017-10-11 22:44:46 [INFO ] [EnvironmentSetup] - [setEnvironmentMode] Choosing Environment Mode
2017-10-11 22:44:49 [INFO ] [EnvironmentSetup] - [setEnvironmentMode] Navigated to URL : https://pdt-web-002q.sdl.devpxl.int:8443/pxl-pdtool-webapp/login
2017-10-11 22:44:49 [INFO ] [TestBase] - [initialization] Intialization........ Successfully Done
2017-10-11 22:44:49 [INFO ] [CommonMethod] - [clear] clearing the textBox field....By.id: login_username
2017-10-11 22:44:49 [INFO ] [CommonMethod] - [sendKeys]  Entering data to the textBox field.... By.id: login_username
2017-10-11 22:44:50 [INFO ] [CommonMethod] - [clear] clearing the textBox field....By.id: login_password
2017-10-11 22:44:51 [INFO ] [CommonMethod] - [sendKeys]  Entering data to the textBox field.... By.id: login_password
2017-10-11 22:44:57 [INFO ] [CommonMethod] - [click] Clicking on element ..... By.id: login_button
2017-10-11 22:48:30 [INFO ] [ExtentReporting] - [GeneratingReport] Configuration of reporting ..........
2017-10-11 22:48:30 [INFO ] [TestBase] - [initialization] Intialization........
2017-10-11 22:48:30 [INFO ] [TestBase] - [initialization] test configuration..... 
2017-10-11 22:48:30 [INFO ] [TestBase] - [initialization] test configuration..... Successfully
2017-10-11 22:48:30 [INFO ] [BrowserType] - [setupBrowser] Choosing Browser Type
2017-10-11 22:48:32 [INFO ] [BrowserType] - [setDriver] Choosing Browsename as Chrome Successfully...
2017-10-11 22:48:33 [INFO ] [EnvironmentSetup] - [setEnvironmentMode] Choosing Environment Mode
2017-10-11 22:48:37 [INFO ] [EnvironmentSetup] - [setEnvironmentMode] Navigated to URL : https://pdt-web-002q.sdl.devpxl.int:8443/pxl-pdtool-webapp/login
2017-10-11 22:48:37 [INFO ] [TestBase] - [initialization] Intialization........ Successfully Done
2017-10-11 22:48:37 [INFO ] [CommonMethod] - [clear] clearing the textBox field....By.id: login_username
2017-10-11 22:48:38 [INFO ] [CommonMethod] - [sendKeys]  Entering data to the textBox field.... By.id: login_username
2017-10-11 22:48:38 [INFO ] [CommonMethod] - [clear] clearing the textBox field....By.id: login_password
2017-10-11 22:48:39 [INFO ] [CommonMethod] - [sendKeys]  Entering data to the textBox field.... By.id: login_password
2017-10-11 22:48:46 [INFO ] [CommonMethod] - [click] Clicking on element ..... By.id: login_button
